# JRE version: OpenJDK Runtime Environment Temurin-17.0.10+7 (17.0.10+7) (build 17.0.10+7)
# Java VM: OpenJDK 64-Bit Server VM Temurin-17.0.10+7 (17.0.10+7, mixed mode, tiered, compressed oops, compressed class ptrs, parallel gc, windows-amd64)
GC Precious Log:
 CPUs: 8 total, 8 available
 Memory: 12160M
 Large Page Support: Disabled
 NUMA Support: Disabled
 Compressed Oops: Enabled (32-bit)
 Alignments: Space 512K, Generation 512K, Heap 2M
 Heap Min Capacity: 100M
 Heap Initial Capacity: 100M
 Heap Max Capacity: 1G
 Pre-touch: Disabled
 Parallel Workers: 8
Heap:
 PSYoungGen      total 3584K, used 3361K [0x00000000eab00000, 0x00000000eb080000, 0x0000000100000000)
  eden space 2560K, 91% used [0x00000000eab00000,0x00000000ead4b6b8,0x00000000ead80000)
  from space 1024K, 98% used [0x00000000ead80000,0x00000000eae7d028,0x00000000eae80000)
  to   space 1536K, 0% used [0x00000000eaf00000,0x00000000eaf00000,0x00000000eb080000)
 ParOldGen       total 251392K, used 241439K [0x00000000c0000000, 0x00000000cf580000, 0x00000000eab00000)
  object space 251392K, 96% used [0x00000000c0000000,0x00000000cebc7da8,0x00000000cf580000)
 Metaspace       used 68258K, committed 69312K, reserved 1114112K
  class space    used 7847K, committed 8320K, reserved 1048576K
GC Heap History (20 events):
Event: 60.121 GC heap before
{Heap before GC invocations=547 (full 17):
 PSYoungGen      total 3584K, used 3378K [0x00000000eab00000, 0x00000000eb080000, 0x0000000100000000)
  eden space 1536K, 98% used [0x00000000eab00000,0x00000000eac791b0,0x00000000eac80000)
  from space 2048K, 91% used [0x00000000eac80000,0x00000000eae537d8,0x00000000eae80000)
  to   space 2048K, 0% used [0x00000000eae80000,0x00000000eae80000,0x00000000eb080000)
 ParOldGen       total 251392K, used 235928K [0x00000000c0000000, 0x00000000cf580000, 0x00000000eab00000)
  object space 251392K, 93% used [0x00000000c0000000,0x00000000ce666260,0x00000000cf580000)
 Metaspace       used 68258K, committed 69312K, reserved 1114112K
  class space    used 7847K, committed 8320K, reserved 1048576K
}
Event: 60.124 GC heap after
{Heap after GC invocations=547 (full 17):
 PSYoungGen      total 3584K, used 1703K [0x00000000eab00000, 0x00000000eb080000, 0x0000000100000000)
  eden space 1536K, 0% used [0x00000000eab00000,0x00000000eab00000,0x00000000eac80000)
  from space 2048K, 83% used [0x00000000eae80000,0x00000000eb029df8,0x00000000eb080000)
  to   space 2048K, 0% used [0x00000000eac80000,0x00000000eac80000,0x00000000eae80000)
 ParOldGen       total 251392K, used 236437K [0x00000000c0000000, 0x00000000cf580000, 0x00000000eab00000)
  object space 251392K, 94% used [0x00000000c0000000,0x00000000ce6e5510,0x00000000cf580000)
 Metaspace       used 68258K, committed 69312K, reserved 1114112K
  class space    used 7847K, committed 8320K, reserved 1048576K
}
Event: 60.153 GC heap before
{Heap before GC invocations=548 (full 17):
 PSYoungGen      total 3584K, used 3239K [0x00000000eab00000, 0x00000000eb080000, 0x0000000100000000)
  eden space 1536K, 100% used [0x00000000eab00000,0x00000000eac80000,0x00000000eac80000)
  from space 2048K, 83% used [0x00000000eae80000,0x00000000eb029df8,0x00000000eb080000)
  to   space 2048K, 0% used [0x00000000eac80000,0x00000000eac80000,0x00000000eae80000)
 ParOldGen       total 251392K, used 236437K [0x00000000c0000000, 0x00000000cf580000, 0x00000000eab00000)
  object space 251392K, 94% used [0x00000000c0000000,0x00000000ce6e5510,0x00000000cf580000)
 Metaspace       used 68258K, committed 69312K, reserved 1114112K
  class space    used 7847K, committed 8320K, reserved 1048576K
}
Event: 60.157 GC heap after
{Heap after GC invocations=548 (full 17):
 PSYoungGen      total 3072K, used 1133K [0x00000000eab00000, 0x00000000eaf80000, 0x0000000100000000)
  eden space 1536K, 0% used [0x00000000eab00000,0x00000000eab00000,0x00000000eac80000)
  from space 1536K, 73% used [0x00000000eac80000,0x00000000ead9b4a0,0x00000000eae00000)
  to   space 1536K, 0% used [0x00000000eae00000,0x00000000eae00000,0x00000000eaf80000)
 ParOldGen       total 251392K, used 237342K [0x00000000c0000000, 0x00000000cf580000, 0x00000000eab00000)
  object space 251392K, 94% used [0x00000000c0000000,0x00000000ce7c79d8,0x00000000cf580000)
 Metaspace       used 68258K, committed 69312K, reserved 1114112K
  class space    used 7847K, committed 8320K, reserved 1048576K
}
Event: 60.168 GC heap before
{Heap before GC invocations=549 (full 17):
 PSYoungGen      total 3072K, used 2669K [0x00000000eab00000, 0x00000000eaf80000, 0x0000000100000000)
  eden space 1536K, 99% used [0x00000000eab00000,0x00000000eac7ffe8,0x00000000eac80000)
  from space 1536K, 73% used [0x00000000eac80000,0x00000000ead9b4a0,0x00000000eae00000)
  to   space 1536K, 0% used [0x00000000eae00000,0x00000000eae00000,0x00000000eaf80000)
 ParOldGen       total 251392K, used 237342K [0x00000000c0000000, 0x00000000cf580000, 0x00000000eab00000)
  object space 251392K, 94% used [0x00000000c0000000,0x00000000ce7c79d8,0x00000000cf580000)
 Metaspace       used 68258K, committed 69312K, reserved 1114112K
  class space    used 7847K, committed 8320K, reserved 1048576K
}
Event: 60.172 GC heap after
{Heap after GC invocations=549 (full 17):
 PSYoungGen      total 3072K, used 803K [0x00000000eab00000, 0x00000000eaf00000, 0x0000000100000000)
  eden space 2048K, 0% used [0x00000000eab00000,0x00000000eab00000,0x00000000ead00000)
  from space 1024K, 78% used [0x00000000eae00000,0x00000000eaec8f88,0x00000000eaf00000)
  to   space 1024K, 0% used [0x00000000ead00000,0x00000000ead00000,0x00000000eae00000)
 ParOldGen       total 251392K, used 238017K [0x00000000c0000000, 0x00000000cf580000, 0x00000000eab00000)
  object space 251392K, 94% used [0x00000000c0000000,0x00000000ce8706e0,0x00000000cf580000)
 Metaspace       used 68258K, committed 69312K, reserved 1114112K
  class space    used 7847K, committed 8320K, reserved 1048576K
}
Event: 60.185 GC heap before
{Heap before GC invocations=550 (full 17):
 PSYoungGen      total 3072K, used 2851K [0x00000000eab00000, 0x00000000eaf00000, 0x0000000100000000)
  eden space 2048K, 100% used [0x00000000eab00000,0x00000000ead00000,0x00000000ead00000)
  from space 1024K, 78% used [0x00000000eae00000,0x00000000eaec8f88,0x00000000eaf00000)
  to   space 1024K, 0% used [0x00000000ead00000,0x00000000ead00000,0x00000000eae00000)
 ParOldGen       total 251392K, used 238017K [0x00000000c0000000, 0x00000000cf580000, 0x00000000eab00000)
  object space 251392K, 94% used [0x00000000c0000000,0x00000000ce8706e0,0x00000000cf580000)
 Metaspace       used 68258K, committed 69312K, reserved 1114112K
  class space    used 7847K, committed 8320K, reserved 1048576K
}
Event: 60.188 GC heap after
{Heap after GC invocations=550 (full 17):
 PSYoungGen      total 3072K, used 544K [0x00000000eab00000, 0x00000000eaf80000, 0x0000000100000000)
  eden space 2048K, 0% used [0x00000000eab00000,0x00000000eab00000,0x00000000ead00000)
  from space 1024K, 53% used [0x00000000ead00000,0x00000000ead88000,0x00000000eae00000)
  to   space 1024K, 0% used [0x00000000eae80000,0x00000000eae80000,0x00000000eaf80000)
 ParOldGen       total 251392K, used 238697K [0x00000000c0000000, 0x00000000cf580000, 0x00000000eab00000)
  object space 251392K, 94% used [0x00000000c0000000,0x00000000ce91a5d8,0x00000000cf580000)
 Metaspace       used 68258K, committed 69312K, reserved 1114112K
  class space    used 7847K, committed 8320K, reserved 1048576K
}
Event: 60.227 GC heap before
{Heap before GC invocations=551 (full 17):
 PSYoungGen      total 3072K, used 2592K [0x00000000eab00000, 0x00000000eaf80000, 0x0000000100000000)
  eden space 2048K, 100% used [0x00000000eab00000,0x00000000ead00000,0x00000000ead00000)
  from space 1024K, 53% used [0x00000000ead00000,0x00000000ead88000,0x00000000eae00000)
  to   space 1024K, 0% used [0x00000000eae80000,0x00000000eae80000,0x00000000eaf80000)
 ParOldGen       total 251392K, used 238697K [0x00000000c0000000, 0x00000000cf580000, 0x00000000eab00000)
  object space 251392K, 94% used [0x00000000c0000000,0x00000000ce91a5d8,0x00000000cf580000)
 Metaspace       used 68258K, committed 69312K, reserved 1114112K
  class space    used 7847K, committed 8320K, reserved 1048576K
}
Event: 60.229 GC heap after
{Heap after GC invocations=551 (full 17):
 PSYoungGen      total 3584K, used 526K [0x00000000eab00000, 0x00000000eaf80000, 0x0000000100000000)
  eden space 2560K, 0% used [0x00000000eab00000,0x00000000eab00000,0x00000000ead80000)
  from space 1024K, 51% used [0x00000000eae80000,0x00000000eaf03920,0x00000000eaf80000)
  to   space 1024K, 0% used [0x00000000ead80000,0x00000000ead80000,0x00000000eae80000)
 ParOldGen       total 251392K, used 239161K [0x00000000c0000000, 0x00000000cf580000, 0x00000000eab00000)
  object space 251392K, 95% used [0x00000000c0000000,0x00000000ce98e7b0,0x00000000cf580000)
 Metaspace       used 68258K, committed 69312K, reserved 1114112K
  class space    used 7847K, committed 8320K, reserved 1048576K
}
Event: 60.314 GC heap before
{Heap before GC invocations=552 (full 17):
 PSYoungGen      total 3584K, used 3086K [0x00000000eab00000, 0x00000000eaf80000, 0x0000000100000000)
  eden space 2560K, 100% used [0x00000000eab00000,0x00000000ead80000,0x00000000ead80000)
  from space 1024K, 51% used [0x00000000eae80000,0x00000000eaf03920,0x00000000eaf80000)
  to   space 1024K, 0% used [0x00000000ead80000,0x00000000ead80000,0x00000000eae80000)
 ParOldGen       total 251392K, used 239161K [0x00000000c0000000, 0x00000000cf580000, 0x00000000eab00000)
  object space 251392K, 95% used [0x00000000c0000000,0x00000000ce98e7b0,0x00000000cf580000)
 Metaspace       used 68258K, committed 69312K, reserved 1114112K
  class space    used 7847K, committed 8320K, reserved 1048576K
}
Event: 60.316 GC heap after
{Heap after GC invocations=552 (full 17):
 PSYoungGen      total 3584K, used 672K [0x00000000eab00000, 0x00000000eaf80000, 0x0000000100000000)
  eden space 2560K, 0% used [0x00000000eab00000,0x00000000eab00000,0x00000000ead80000)
  from space 1024K, 65% used [0x00000000ead80000,0x00000000eae28000,0x00000000eae80000)
  to   space 1024K, 0% used [0x00000000eae80000,0x00000000eae80000,0x00000000eaf80000)
 ParOldGen       total 251392K, used 239617K [0x00000000c0000000, 0x00000000cf580000, 0x00000000eab00000)
  object space 251392K, 95% used [0x00000000c0000000,0x00000000cea005b0,0x00000000cf580000)
 Metaspace       used 68258K, committed 69312K, reserved 1114112K
  class space    used 7847K, committed 8320K, reserved 1048576K
}
Event: 60.354 GC heap before
{Heap before GC invocations=553 (full 17):
 PSYoungGen      total 3584K, used 3232K [0x00000000eab00000, 0x00000000eaf80000, 0x0000000100000000)
  eden space 2560K, 100% used [0x00000000eab00000,0x00000000ead80000,0x00000000ead80000)
  from space 1024K, 65% used [0x00000000ead80000,0x00000000eae28000,0x00000000eae80000)
  to   space 1024K, 0% used [0x00000000eae80000,0x00000000eae80000,0x00000000eaf80000)
 ParOldGen       total 251392K, used 239617K [0x00000000c0000000, 0x00000000cf580000, 0x00000000eab00000)
  object space 251392K, 95% used [0x00000000c0000000,0x00000000cea005b0,0x00000000cf580000)
 Metaspace       used 68258K, committed 69312K, reserved 1114112K
  class space    used 7847K, committed 8320K, reserved 1048576K
}
Event: 60.356 GC heap after
{Heap after GC invocations=553 (full 17):
 PSYoungGen      total 3584K, used 640K [0x00000000eab00000, 0x00000000eaf80000, 0x0000000100000000)
  eden space 2560K, 0% used [0x00000000eab00000,0x00000000eab00000,0x00000000ead80000)
  from space 1024K, 62% used [0x00000000eae80000,0x00000000eaf20000,0x00000000eaf80000)
  to   space 1024K, 0% used [0x00000000ead80000,0x00000000ead80000,0x00000000eae80000)
 ParOldGen       total 251392K, used 240186K [0x00000000c0000000, 0x00000000cf580000, 0x00000000eab00000)
  object space 251392K, 95% used [0x00000000c0000000,0x00000000cea8eb80,0x00000000cf580000)
 Metaspace       used 68258K, committed 69312K, reserved 1114112K
  class space    used 7847K, committed 8320K, reserved 1048576K
}
Event: 60.381 GC heap before
{Heap before GC invocations=554 (full 17):
 PSYoungGen      total 3584K, used 3200K [0x00000000eab00000, 0x00000000eaf80000, 0x0000000100000000)
  eden space 2560K, 100% used [0x00000000eab00000,0x00000000ead80000,0x00000000ead80000)
  from space 1024K, 62% used [0x00000000eae80000,0x00000000eaf20000,0x00000000eaf80000)
  to   space 1024K, 0% used [0x00000000ead80000,0x00000000ead80000,0x00000000eae80000)
 ParOldGen       total 251392K, used 240186K [0x00000000c0000000, 0x00000000cf580000, 0x00000000eab00000)
  object space 251392K, 95% used [0x00000000c0000000,0x00000000cea8eb80,0x00000000cf580000)
 Metaspace       used 68258K, committed 69312K, reserved 1114112K
  class space    used 7847K, committed 8320K, reserved 1048576K
}
Event: 60.383 GC heap after
{Heap after GC invocations=554 (full 17):
 PSYoungGen      total 3584K, used 704K [0x00000000eab00000, 0x00000000eaf80000, 0x0000000100000000)
  eden space 2560K, 0% used [0x00000000eab00000,0x00000000eab00000,0x00000000ead80000)
  from space 1024K, 68% used [0x00000000ead80000,0x00000000eae30000,0x00000000eae80000)
  to   space 1024K, 0% used [0x00000000eae80000,0x00000000eae80000,0x00000000eaf80000)
 ParOldGen       total 251392K, used 240765K [0x00000000c0000000, 0x00000000cf580000, 0x00000000eab00000)
  object space 251392K, 95% used [0x00000000c0000000,0x00000000ceb1f768,0x00000000cf580000)
 Metaspace       used 68258K, committed 69312K, reserved 1114112K
  class space    used 7847K, committed 8320K, reserved 1048576K
}
Event: 60.783 GC heap before
{Heap before GC invocations=555 (full 17):
 PSYoungGen      total 3584K, used 3264K [0x00000000eab00000, 0x00000000eaf80000, 0x0000000100000000)
  eden space 2560K, 100% used [0x00000000eab00000,0x00000000ead80000,0x00000000ead80000)
  from space 1024K, 68% used [0x00000000ead80000,0x00000000eae30000,0x00000000eae80000)
  to   space 1024K, 0% used [0x00000000eae80000,0x00000000eae80000,0x00000000eaf80000)
 ParOldGen       total 251392K, used 240765K [0x00000000c0000000, 0x00000000cf580000, 0x00000000eab00000)
  object space 251392K, 95% used [0x00000000c0000000,0x00000000ceb1f768,0x00000000cf580000)
 Metaspace       used 68258K, committed 69312K, reserved 1114112K
  class space    used 7847K, committed 8320K, reserved 1048576K
}
Event: 60.786 GC heap after
{Heap after GC invocations=555 (full 17):
 PSYoungGen      total 3584K, used 628K [0x00000000eab00000, 0x00000000eaf80000, 0x0000000100000000)
  eden space 2560K, 0% used [0x00000000eab00000,0x00000000eab00000,0x00000000ead80000)
  from space 1024K, 61% used [0x00000000eae80000,0x00000000eaf1d070,0x00000000eaf80000)
  to   space 1024K, 0% used [0x00000000ead80000,0x00000000ead80000,0x00000000eae80000)
 ParOldGen       total 251392K, used 241343K [0x00000000c0000000, 0x00000000cf580000, 0x00000000eab00000)
  object space 251392K, 96% used [0x00000000c0000000,0x00000000cebafda8,0x00000000cf580000)
 Metaspace       used 68258K, committed 69312K, reserved 1114112K
  class space    used 7847K, committed 8320K, reserved 1048576K
}
Event: 60.866 GC heap before
{Heap before GC invocations=556 (full 17):
 PSYoungGen      total 3584K, used 3188K [0x00000000eab00000, 0x00000000eaf80000, 0x0000000100000000)
  eden space 2560K, 100% used [0x00000000eab00000,0x00000000ead80000,0x00000000ead80000)
  from space 1024K, 61% used [0x00000000eae80000,0x00000000eaf1d070,0x00000000eaf80000)
  to   space 1024K, 0% used [0x00000000ead80000,0x00000000ead80000,0x00000000eae80000)
 ParOldGen       total 251392K, used 241343K [0x00000000c0000000, 0x00000000cf580000, 0x00000000eab00000)
  object space 251392K, 96% used [0x00000000c0000000,0x00000000cebafda8,0x00000000cf580000)
 Metaspace       used 68258K, committed 69312K, reserved 1114112K
  class space    used 7847K, committed 8320K, reserved 1048576K
}
Event: 60.870 GC heap after
{Heap after GC invocations=556 (full 17):
 PSYoungGen      total 3584K, used 1012K [0x00000000eab00000, 0x00000000eb080000, 0x0000000100000000)
  eden space 2560K, 0% used [0x00000000eab00000,0x00000000eab00000,0x00000000ead80000)
  from space 1024K, 98% used [0x00000000ead80000,0x00000000eae7d028,0x00000000eae80000)
  to   space 1536K, 0% used [0x00000000eaf00000,0x00000000eaf00000,0x00000000eb080000)
 ParOldGen       total 251392K, used 241439K [0x00000000c0000000, 0x00000000cf580000, 0x00000000eab00000)
  object space 251392K, 96% used [0x00000000c0000000,0x00000000cebc7da8,0x00000000cf580000)
 Metaspace       used 68258K, committed 69312K, reserved 1114112K
  class space    used 7847K, committed 8320K, reserved 1048576K
}

